[2020-11-05 18:24:55,882] {taskinstance.py:670} INFO - Dependencies all met for <TaskInstance: S3_task.get_new_json 2020-11-05T00:02:00+00:00 [queued]>
[2020-11-05 18:24:55,924] {taskinstance.py:670} INFO - Dependencies all met for <TaskInstance: S3_task.get_new_json 2020-11-05T00:02:00+00:00 [queued]>
[2020-11-05 18:24:55,924] {taskinstance.py:880} INFO - 
--------------------------------------------------------------------------------
[2020-11-05 18:24:55,924] {taskinstance.py:881} INFO - Starting attempt 1 of 4
[2020-11-05 18:24:55,924] {taskinstance.py:882} INFO - 
--------------------------------------------------------------------------------
[2020-11-05 18:24:55,935] {taskinstance.py:901} INFO - Executing <Task(S3KeySensor): get_new_json> on 2020-11-05T00:02:00+00:00
[2020-11-05 18:24:55,940] {standard_task_runner.py:54} INFO - Started process 5792 to run task
[2020-11-05 18:24:56,007] {standard_task_runner.py:77} INFO - Running: ['airflow', 'run', 'S3_task', 'get_new_json', '2020-11-05T00:02:00+00:00', '--job_id', '339', '--pool', 'default_pool', '--raw', '-sd', '/home/akorede/Documents/airflow_sandbox/airflow/dags/s3_dag.py', '--cfg_path', '/tmp/tmph0sz5wue']
[2020-11-05 18:24:56,009] {standard_task_runner.py:78} INFO - Job 339: Subtask get_new_json
[2020-11-05 18:24:56,079] {logging_mixin.py:112} INFO - Running %s on host %s <TaskInstance: S3_task.get_new_json 2020-11-05T00:02:00+00:00 [running]> akorede-VirtualBox
[2020-11-05 18:24:56,123] {s3_key_sensor.py:88} INFO - Poking for key : s3://ypsource-bucket/pinpoint-analytics/2020/11/05/ypsource.json
[2020-11-05 18:24:57,320] {S3_hook.py:209} INFO - Forbidden
[2020-11-05 18:26:57,406] {s3_key_sensor.py:88} INFO - Poking for key : s3://ypsource-bucket/pinpoint-analytics/2020/11/05/ypsource.json
[2020-11-05 18:26:58,427] {S3_hook.py:209} INFO - Forbidden
[2020-11-05 18:28:58,533] {s3_key_sensor.py:88} INFO - Poking for key : s3://ypsource-bucket/pinpoint-analytics/2020/11/05/ypsource.json
[2020-11-05 18:28:59,703] {S3_hook.py:209} INFO - Forbidden
[2020-11-05 18:30:59,801] {s3_key_sensor.py:88} INFO - Poking for key : s3://ypsource-bucket/pinpoint-analytics/2020/11/05/ypsource.json
[2020-11-05 18:31:00,897] {S3_hook.py:209} INFO - Forbidden
[2020-11-05 18:33:00,999] {s3_key_sensor.py:88} INFO - Poking for key : s3://ypsource-bucket/pinpoint-analytics/2020/11/05/ypsource.json
[2020-11-05 18:33:02,084] {S3_hook.py:209} INFO - Forbidden
[2020-11-05 18:35:02,193] {s3_key_sensor.py:88} INFO - Poking for key : s3://ypsource-bucket/pinpoint-analytics/2020/11/05/ypsource.json
[2020-11-05 18:35:34,892] {S3_hook.py:209} INFO - Forbidden
[2020-11-05 18:37:35,000] {s3_key_sensor.py:88} INFO - Poking for key : s3://ypsource-bucket/pinpoint-analytics/2020/11/05/ypsource.json
[2020-11-05 18:37:36,193] {S3_hook.py:209} INFO - Forbidden
[2020-11-05 18:39:36,293] {s3_key_sensor.py:88} INFO - Poking for key : s3://ypsource-bucket/pinpoint-analytics/2020/11/05/ypsource.json
[2020-11-05 18:39:37,472] {S3_hook.py:209} INFO - Forbidden
[2020-11-05 18:41:37,563] {s3_key_sensor.py:88} INFO - Poking for key : s3://ypsource-bucket/pinpoint-analytics/2020/11/05/ypsource.json
[2020-11-05 18:42:10,502] {S3_hook.py:209} INFO - Forbidden
[2020-11-05 18:44:10,601] {s3_key_sensor.py:88} INFO - Poking for key : s3://ypsource-bucket/pinpoint-analytics/2020/11/05/ypsource.json
[2020-11-05 18:44:12,032] {S3_hook.py:209} INFO - Forbidden
