[2020-11-05 18:27:54,607] {taskinstance.py:670} INFO - Dependencies all met for <TaskInstance: S3_task.get_new_json 2020-11-05T13:02:00+00:00 [queued]>
[2020-11-05 18:27:54,680] {taskinstance.py:670} INFO - Dependencies all met for <TaskInstance: S3_task.get_new_json 2020-11-05T13:02:00+00:00 [queued]>
[2020-11-05 18:27:54,680] {taskinstance.py:880} INFO - 
--------------------------------------------------------------------------------
[2020-11-05 18:27:54,681] {taskinstance.py:881} INFO - Starting attempt 1 of 4
[2020-11-05 18:27:54,681] {taskinstance.py:882} INFO - 
--------------------------------------------------------------------------------
[2020-11-05 18:27:54,702] {taskinstance.py:901} INFO - Executing <Task(S3KeySensor): get_new_json> on 2020-11-05T13:02:00+00:00
[2020-11-05 18:27:54,708] {standard_task_runner.py:54} INFO - Started process 9060 to run task
[2020-11-05 18:27:54,781] {standard_task_runner.py:77} INFO - Running: ['airflow', 'run', 'S3_task', 'get_new_json', '2020-11-05T13:02:00+00:00', '--job_id', '352', '--pool', 'default_pool', '--raw', '-sd', '/home/akorede/Documents/airflow_sandbox/airflow/dags/s3_dag.py', '--cfg_path', '/tmp/tmp1g6w_8v6']
[2020-11-05 18:27:54,783] {standard_task_runner.py:78} INFO - Job 352: Subtask get_new_json
[2020-11-05 18:27:54,876] {logging_mixin.py:112} INFO - Running %s on host %s <TaskInstance: S3_task.get_new_json 2020-11-05T13:02:00+00:00 [running]> akorede-VirtualBox
[2020-11-05 18:27:54,968] {s3_key_sensor.py:88} INFO - Poking for key : s3://ypsource-bucket/pinpoint-analytics/2020/11/05/ypsource.json
[2020-11-05 18:27:56,439] {S3_hook.py:209} INFO - Forbidden
[2020-11-05 18:29:56,498] {s3_key_sensor.py:88} INFO - Poking for key : s3://ypsource-bucket/pinpoint-analytics/2020/11/05/ypsource.json
[2020-11-05 18:29:57,604] {S3_hook.py:209} INFO - Forbidden
[2020-11-05 18:31:57,695] {s3_key_sensor.py:88} INFO - Poking for key : s3://ypsource-bucket/pinpoint-analytics/2020/11/05/ypsource.json
[2020-11-05 18:31:58,728] {S3_hook.py:209} INFO - Forbidden
[2020-11-05 18:33:58,822] {s3_key_sensor.py:88} INFO - Poking for key : s3://ypsource-bucket/pinpoint-analytics/2020/11/05/ypsource.json
[2020-11-05 18:33:59,839] {S3_hook.py:209} INFO - Forbidden
[2020-11-05 18:35:59,926] {s3_key_sensor.py:88} INFO - Poking for key : s3://ypsource-bucket/pinpoint-analytics/2020/11/05/ypsource.json
[2020-11-05 18:36:00,947] {S3_hook.py:209} INFO - Forbidden
[2020-11-05 18:38:01,050] {s3_key_sensor.py:88} INFO - Poking for key : s3://ypsource-bucket/pinpoint-analytics/2020/11/05/ypsource.json
[2020-11-05 18:38:02,448] {S3_hook.py:209} INFO - Forbidden
[2020-11-05 18:40:02,495] {s3_key_sensor.py:88} INFO - Poking for key : s3://ypsource-bucket/pinpoint-analytics/2020/11/05/ypsource.json
[2020-11-05 18:40:03,497] {S3_hook.py:209} INFO - Forbidden
[2020-11-05 18:42:03,602] {s3_key_sensor.py:88} INFO - Poking for key : s3://ypsource-bucket/pinpoint-analytics/2020/11/05/ypsource.json
[2020-11-05 18:42:04,732] {S3_hook.py:209} INFO - Forbidden
[2020-11-05 18:44:04,835] {s3_key_sensor.py:88} INFO - Poking for key : s3://ypsource-bucket/pinpoint-analytics/2020/11/05/ypsource.json
[2020-11-05 18:44:06,495] {S3_hook.py:209} INFO - Forbidden
[2020-11-05 18:46:06,594] {s3_key_sensor.py:88} INFO - Poking for key : s3://ypsource-bucket/pinpoint-analytics/2020/11/05/ypsource.json
[2020-11-05 18:46:07,792] {S3_hook.py:209} INFO - Forbidden
