[2020-11-05 18:25:07,929] {taskinstance.py:670} INFO - Dependencies all met for <TaskInstance: S3_task.get_new_json 2020-11-05T01:02:00+00:00 [queued]>
[2020-11-05 18:25:08,014] {taskinstance.py:670} INFO - Dependencies all met for <TaskInstance: S3_task.get_new_json 2020-11-05T01:02:00+00:00 [queued]>
[2020-11-05 18:25:08,014] {taskinstance.py:880} INFO - 
--------------------------------------------------------------------------------
[2020-11-05 18:25:08,014] {taskinstance.py:881} INFO - Starting attempt 1 of 4
[2020-11-05 18:25:08,014] {taskinstance.py:882} INFO - 
--------------------------------------------------------------------------------
[2020-11-05 18:25:08,061] {taskinstance.py:901} INFO - Executing <Task(S3KeySensor): get_new_json> on 2020-11-05T01:02:00+00:00
[2020-11-05 18:25:08,072] {standard_task_runner.py:54} INFO - Started process 5984 to run task
[2020-11-05 18:25:08,302] {standard_task_runner.py:77} INFO - Running: ['airflow', 'run', 'S3_task', 'get_new_json', '2020-11-05T01:02:00+00:00', '--job_id', '340', '--pool', 'default_pool', '--raw', '-sd', '/home/akorede/Documents/airflow_sandbox/airflow/dags/s3_dag.py', '--cfg_path', '/tmp/tmpiimu_mgg']
[2020-11-05 18:25:08,306] {standard_task_runner.py:78} INFO - Job 340: Subtask get_new_json
[2020-11-05 18:25:08,458] {logging_mixin.py:112} INFO - Running %s on host %s <TaskInstance: S3_task.get_new_json 2020-11-05T01:02:00+00:00 [running]> akorede-VirtualBox
[2020-11-05 18:25:08,516] {s3_key_sensor.py:88} INFO - Poking for key : s3://ypsource-bucket/pinpoint-analytics/2020/11/05/ypsource.json
[2020-11-05 18:26:10,109] {S3_hook.py:209} INFO - Forbidden
[2020-11-05 18:28:10,157] {s3_key_sensor.py:88} INFO - Poking for key : s3://ypsource-bucket/pinpoint-analytics/2020/11/05/ypsource.json
[2020-11-05 18:28:12,401] {S3_hook.py:209} INFO - Forbidden
[2020-11-05 18:30:12,501] {s3_key_sensor.py:88} INFO - Poking for key : s3://ypsource-bucket/pinpoint-analytics/2020/11/05/ypsource.json
[2020-11-05 18:30:13,846] {S3_hook.py:209} INFO - Forbidden
[2020-11-05 18:32:13,949] {s3_key_sensor.py:88} INFO - Poking for key : s3://ypsource-bucket/pinpoint-analytics/2020/11/05/ypsource.json
[2020-11-05 18:32:15,159] {S3_hook.py:209} INFO - Forbidden
[2020-11-05 18:34:15,256] {s3_key_sensor.py:88} INFO - Poking for key : s3://ypsource-bucket/pinpoint-analytics/2020/11/05/ypsource.json
[2020-11-05 18:34:16,362] {S3_hook.py:209} INFO - Forbidden
[2020-11-05 18:36:16,464] {s3_key_sensor.py:88} INFO - Poking for key : s3://ypsource-bucket/pinpoint-analytics/2020/11/05/ypsource.json
[2020-11-05 18:36:17,768] {S3_hook.py:209} INFO - Forbidden
[2020-11-05 18:38:17,869] {s3_key_sensor.py:88} INFO - Poking for key : s3://ypsource-bucket/pinpoint-analytics/2020/11/05/ypsource.json
[2020-11-05 18:38:18,946] {S3_hook.py:209} INFO - Forbidden
[2020-11-05 18:40:19,049] {s3_key_sensor.py:88} INFO - Poking for key : s3://ypsource-bucket/pinpoint-analytics/2020/11/05/ypsource.json
[2020-11-05 18:40:20,208] {S3_hook.py:209} INFO - Forbidden
[2020-11-05 18:42:20,308] {s3_key_sensor.py:88} INFO - Poking for key : s3://ypsource-bucket/pinpoint-analytics/2020/11/05/ypsource.json
[2020-11-05 18:42:21,483] {S3_hook.py:209} INFO - Forbidden
[2020-11-05 18:44:21,585] {s3_key_sensor.py:88} INFO - Poking for key : s3://ypsource-bucket/pinpoint-analytics/2020/11/05/ypsource.json
[2020-11-05 18:44:22,968] {S3_hook.py:209} INFO - Forbidden
