[2020-11-05 18:26:17,557] {taskinstance.py:670} INFO - Dependencies all met for <TaskInstance: S3_task.get_new_json 2020-11-05T06:02:00+00:00 [queued]>
[2020-11-05 18:26:17,615] {taskinstance.py:670} INFO - Dependencies all met for <TaskInstance: S3_task.get_new_json 2020-11-05T06:02:00+00:00 [queued]>
[2020-11-05 18:26:17,616] {taskinstance.py:880} INFO - 
--------------------------------------------------------------------------------
[2020-11-05 18:26:17,616] {taskinstance.py:881} INFO - Starting attempt 1 of 4
[2020-11-05 18:26:17,616] {taskinstance.py:882} INFO - 
--------------------------------------------------------------------------------
[2020-11-05 18:26:17,634] {taskinstance.py:901} INFO - Executing <Task(S3KeySensor): get_new_json> on 2020-11-05T06:02:00+00:00
[2020-11-05 18:26:17,643] {standard_task_runner.py:54} INFO - Started process 7122 to run task
[2020-11-05 18:26:17,740] {standard_task_runner.py:77} INFO - Running: ['airflow', 'run', 'S3_task', 'get_new_json', '2020-11-05T06:02:00+00:00', '--job_id', '345', '--pool', 'default_pool', '--raw', '-sd', '/home/akorede/Documents/airflow_sandbox/airflow/dags/s3_dag.py', '--cfg_path', '/tmp/tmprewzeb8r']
[2020-11-05 18:26:17,743] {standard_task_runner.py:78} INFO - Job 345: Subtask get_new_json
[2020-11-05 18:26:17,834] {logging_mixin.py:112} INFO - Running %s on host %s <TaskInstance: S3_task.get_new_json 2020-11-05T06:02:00+00:00 [running]> akorede-VirtualBox
[2020-11-05 18:26:17,873] {s3_key_sensor.py:88} INFO - Poking for key : s3://ypsource-bucket/pinpoint-analytics/2020/11/05/ypsource.json
[2020-11-05 18:26:19,038] {S3_hook.py:209} INFO - Forbidden
[2020-11-05 18:28:19,137] {s3_key_sensor.py:88} INFO - Poking for key : s3://ypsource-bucket/pinpoint-analytics/2020/11/05/ypsource.json
[2020-11-05 18:28:21,589] {S3_hook.py:209} INFO - Forbidden
[2020-11-05 18:30:21,692] {s3_key_sensor.py:88} INFO - Poking for key : s3://ypsource-bucket/pinpoint-analytics/2020/11/05/ypsource.json
[2020-11-05 18:30:22,732] {S3_hook.py:209} INFO - Forbidden
[2020-11-05 18:32:22,834] {s3_key_sensor.py:88} INFO - Poking for key : s3://ypsource-bucket/pinpoint-analytics/2020/11/05/ypsource.json
[2020-11-05 18:32:24,208] {S3_hook.py:209} INFO - Forbidden
[2020-11-05 18:34:24,312] {s3_key_sensor.py:88} INFO - Poking for key : s3://ypsource-bucket/pinpoint-analytics/2020/11/05/ypsource.json
[2020-11-05 18:34:25,564] {S3_hook.py:209} INFO - Forbidden
[2020-11-05 18:36:25,674] {s3_key_sensor.py:88} INFO - Poking for key : s3://ypsource-bucket/pinpoint-analytics/2020/11/05/ypsource.json
[2020-11-05 18:36:26,987] {S3_hook.py:209} INFO - Forbidden
[2020-11-05 18:38:27,082] {s3_key_sensor.py:88} INFO - Poking for key : s3://ypsource-bucket/pinpoint-analytics/2020/11/05/ypsource.json
[2020-11-05 18:38:28,482] {S3_hook.py:209} INFO - Forbidden
[2020-11-05 18:40:28,585] {s3_key_sensor.py:88} INFO - Poking for key : s3://ypsource-bucket/pinpoint-analytics/2020/11/05/ypsource.json
[2020-11-05 18:40:29,743] {S3_hook.py:209} INFO - Forbidden
[2020-11-05 18:42:29,809] {s3_key_sensor.py:88} INFO - Poking for key : s3://ypsource-bucket/pinpoint-analytics/2020/11/05/ypsource.json
[2020-11-05 18:42:30,896] {S3_hook.py:209} INFO - Forbidden
[2020-11-05 18:44:30,999] {s3_key_sensor.py:88} INFO - Poking for key : s3://ypsource-bucket/pinpoint-analytics/2020/11/05/ypsource.json
[2020-11-05 18:44:32,150] {S3_hook.py:209} INFO - Forbidden
[2020-11-05 18:46:32,253] {s3_key_sensor.py:88} INFO - Poking for key : s3://ypsource-bucket/pinpoint-analytics/2020/11/05/ypsource.json
[2020-11-05 18:46:33,363] {S3_hook.py:209} INFO - Forbidden
[2020-11-05 18:48:33,461] {s3_key_sensor.py:88} INFO - Poking for key : s3://ypsource-bucket/pinpoint-analytics/2020/11/05/ypsource.json
[2020-11-05 18:48:34,614] {S3_hook.py:209} INFO - Forbidden
[2020-11-05 18:50:34,710] {s3_key_sensor.py:88} INFO - Poking for key : s3://ypsource-bucket/pinpoint-analytics/2020/11/05/ypsource.json
[2020-11-05 18:51:07,476] {S3_hook.py:209} INFO - Forbidden
