[2020-11-05 18:28:31,991] {taskinstance.py:670} INFO - Dependencies all met for <TaskInstance: S3_task.get_new_json 2020-11-05T14:02:00+00:00 [queued]>
[2020-11-05 18:28:32,225] {taskinstance.py:670} INFO - Dependencies all met for <TaskInstance: S3_task.get_new_json 2020-11-05T14:02:00+00:00 [queued]>
[2020-11-05 18:28:32,225] {taskinstance.py:880} INFO - 
--------------------------------------------------------------------------------
[2020-11-05 18:28:32,225] {taskinstance.py:881} INFO - Starting attempt 1 of 4
[2020-11-05 18:28:32,226] {taskinstance.py:882} INFO - 
--------------------------------------------------------------------------------
[2020-11-05 18:28:32,374] {taskinstance.py:901} INFO - Executing <Task(S3KeySensor): get_new_json> on 2020-11-05T14:02:00+00:00
[2020-11-05 18:28:32,397] {standard_task_runner.py:54} INFO - Started process 9768 to run task
[2020-11-05 18:28:32,959] {standard_task_runner.py:77} INFO - Running: ['airflow', 'run', 'S3_task', 'get_new_json', '2020-11-05T14:02:00+00:00', '--job_id', '353', '--pool', 'default_pool', '--raw', '-sd', '/home/akorede/Documents/airflow_sandbox/airflow/dags/s3_dag.py', '--cfg_path', '/tmp/tmp75pan_js']
[2020-11-05 18:28:32,965] {standard_task_runner.py:78} INFO - Job 353: Subtask get_new_json
[2020-11-05 18:28:33,256] {logging_mixin.py:112} INFO - Running %s on host %s <TaskInstance: S3_task.get_new_json 2020-11-05T14:02:00+00:00 [running]> akorede-VirtualBox
[2020-11-05 18:28:33,385] {s3_key_sensor.py:88} INFO - Poking for key : s3://ypsource-bucket/pinpoint-analytics/2020/11/05/ypsource.json
[2020-11-05 18:28:34,810] {S3_hook.py:209} INFO - Forbidden
[2020-11-05 18:30:34,866] {s3_key_sensor.py:88} INFO - Poking for key : s3://ypsource-bucket/pinpoint-analytics/2020/11/05/ypsource.json
[2020-11-05 18:30:35,983] {S3_hook.py:209} INFO - Forbidden
[2020-11-05 18:32:36,060] {s3_key_sensor.py:88} INFO - Poking for key : s3://ypsource-bucket/pinpoint-analytics/2020/11/05/ypsource.json
[2020-11-05 18:33:38,255] {S3_hook.py:209} INFO - Forbidden
[2020-11-05 18:35:38,313] {s3_key_sensor.py:88} INFO - Poking for key : s3://ypsource-bucket/pinpoint-analytics/2020/11/05/ypsource.json
[2020-11-05 18:35:39,481] {S3_hook.py:209} INFO - Forbidden
[2020-11-05 18:37:39,518] {s3_key_sensor.py:88} INFO - Poking for key : s3://ypsource-bucket/pinpoint-analytics/2020/11/05/ypsource.json
[2020-11-05 18:37:40,712] {S3_hook.py:209} INFO - Forbidden
[2020-11-05 18:39:40,812] {s3_key_sensor.py:88} INFO - Poking for key : s3://ypsource-bucket/pinpoint-analytics/2020/11/05/ypsource.json
[2020-11-05 18:39:42,762] {S3_hook.py:209} INFO - Forbidden
[2020-11-05 18:41:42,862] {s3_key_sensor.py:88} INFO - Poking for key : s3://ypsource-bucket/pinpoint-analytics/2020/11/05/ypsource.json
[2020-11-05 18:41:44,080] {S3_hook.py:209} INFO - Forbidden
[2020-11-05 18:43:44,133] {s3_key_sensor.py:88} INFO - Poking for key : s3://ypsource-bucket/pinpoint-analytics/2020/11/05/ypsource.json
[2020-11-05 18:43:45,209] {S3_hook.py:209} INFO - Forbidden
[2020-11-05 18:45:45,296] {s3_key_sensor.py:88} INFO - Poking for key : s3://ypsource-bucket/pinpoint-analytics/2020/11/05/ypsource.json
[2020-11-05 18:45:46,531] {S3_hook.py:209} INFO - Forbidden
