[2020-11-05 18:25:36,290] {taskinstance.py:670} INFO - Dependencies all met for <TaskInstance: S3_task.get_new_json 2020-11-05T03:02:00+00:00 [queued]>
[2020-11-05 18:25:36,377] {taskinstance.py:670} INFO - Dependencies all met for <TaskInstance: S3_task.get_new_json 2020-11-05T03:02:00+00:00 [queued]>
[2020-11-05 18:25:36,378] {taskinstance.py:880} INFO - 
--------------------------------------------------------------------------------
[2020-11-05 18:25:36,378] {taskinstance.py:881} INFO - Starting attempt 1 of 4
[2020-11-05 18:25:36,378] {taskinstance.py:882} INFO - 
--------------------------------------------------------------------------------
[2020-11-05 18:25:36,410] {taskinstance.py:901} INFO - Executing <Task(S3KeySensor): get_new_json> on 2020-11-05T03:02:00+00:00
[2020-11-05 18:25:36,418] {standard_task_runner.py:54} INFO - Started process 6430 to run task
[2020-11-05 18:25:36,513] {standard_task_runner.py:77} INFO - Running: ['airflow', 'run', 'S3_task', 'get_new_json', '2020-11-05T03:02:00+00:00', '--job_id', '342', '--pool', 'default_pool', '--raw', '-sd', '/home/akorede/Documents/airflow_sandbox/airflow/dags/s3_dag.py', '--cfg_path', '/tmp/tmpy43ll53f']
[2020-11-05 18:25:36,516] {standard_task_runner.py:78} INFO - Job 342: Subtask get_new_json
[2020-11-05 18:25:36,635] {logging_mixin.py:112} INFO - Running %s on host %s <TaskInstance: S3_task.get_new_json 2020-11-05T03:02:00+00:00 [running]> akorede-VirtualBox
[2020-11-05 18:25:36,784] {s3_key_sensor.py:88} INFO - Poking for key : s3://ypsource-bucket/pinpoint-analytics/2020/11/05/ypsource.json
[2020-11-05 18:25:37,920] {S3_hook.py:209} INFO - Forbidden
[2020-11-05 18:27:38,037] {s3_key_sensor.py:88} INFO - Poking for key : s3://ypsource-bucket/pinpoint-analytics/2020/11/05/ypsource.json
[2020-11-05 18:27:40,032] {S3_hook.py:209} INFO - Forbidden
[2020-11-05 18:29:40,122] {s3_key_sensor.py:88} INFO - Poking for key : s3://ypsource-bucket/pinpoint-analytics/2020/11/05/ypsource.json
[2020-11-05 18:29:41,465] {S3_hook.py:209} INFO - Forbidden
[2020-11-05 18:31:41,530] {s3_key_sensor.py:88} INFO - Poking for key : s3://ypsource-bucket/pinpoint-analytics/2020/11/05/ypsource.json
[2020-11-05 18:31:42,737] {S3_hook.py:209} INFO - Forbidden
[2020-11-05 18:33:42,838] {s3_key_sensor.py:88} INFO - Poking for key : s3://ypsource-bucket/pinpoint-analytics/2020/11/05/ypsource.json
[2020-11-05 18:33:44,191] {S3_hook.py:209} INFO - Forbidden
[2020-11-05 18:35:44,236] {s3_key_sensor.py:88} INFO - Poking for key : s3://ypsource-bucket/pinpoint-analytics/2020/11/05/ypsource.json
[2020-11-05 18:36:17,108] {S3_hook.py:209} INFO - Forbidden
[2020-11-05 18:38:17,210] {s3_key_sensor.py:88} INFO - Poking for key : s3://ypsource-bucket/pinpoint-analytics/2020/11/05/ypsource.json
[2020-11-05 18:38:18,524] {S3_hook.py:209} INFO - Forbidden
[2020-11-05 18:40:18,629] {s3_key_sensor.py:88} INFO - Poking for key : s3://ypsource-bucket/pinpoint-analytics/2020/11/05/ypsource.json
[2020-11-05 18:40:19,776] {S3_hook.py:209} INFO - Forbidden
[2020-11-05 18:42:19,877] {s3_key_sensor.py:88} INFO - Poking for key : s3://ypsource-bucket/pinpoint-analytics/2020/11/05/ypsource.json
[2020-11-05 18:42:21,262] {S3_hook.py:209} INFO - Forbidden
[2020-11-05 18:44:21,365] {s3_key_sensor.py:88} INFO - Poking for key : s3://ypsource-bucket/pinpoint-analytics/2020/11/05/ypsource.json
[2020-11-05 18:44:54,264] {S3_hook.py:209} INFO - Forbidden
[2020-11-05 18:46:54,313] {s3_key_sensor.py:88} INFO - Poking for key : s3://ypsource-bucket/pinpoint-analytics/2020/11/05/ypsource.json
[2020-11-05 18:46:55,545] {S3_hook.py:209} INFO - Forbidden
[2020-11-05 18:48:55,645] {s3_key_sensor.py:88} INFO - Poking for key : s3://ypsource-bucket/pinpoint-analytics/2020/11/05/ypsource.json
[2020-11-05 18:48:56,813] {S3_hook.py:209} INFO - Forbidden
[2020-11-05 18:50:56,913] {s3_key_sensor.py:88} INFO - Poking for key : s3://ypsource-bucket/pinpoint-analytics/2020/11/05/ypsource.json
[2020-11-05 18:51:29,726] {S3_hook.py:209} INFO - Forbidden
