[2020-11-05 18:26:55,332] {taskinstance.py:670} INFO - Dependencies all met for <TaskInstance: S3_task.get_new_json 2020-11-05T09:02:00+00:00 [queued]>
[2020-11-05 18:26:55,391] {taskinstance.py:670} INFO - Dependencies all met for <TaskInstance: S3_task.get_new_json 2020-11-05T09:02:00+00:00 [queued]>
[2020-11-05 18:26:55,391] {taskinstance.py:880} INFO - 
--------------------------------------------------------------------------------
[2020-11-05 18:26:55,391] {taskinstance.py:881} INFO - Starting attempt 1 of 4
[2020-11-05 18:26:55,391] {taskinstance.py:882} INFO - 
--------------------------------------------------------------------------------
[2020-11-05 18:26:55,406] {taskinstance.py:901} INFO - Executing <Task(S3KeySensor): get_new_json> on 2020-11-05T09:02:00+00:00
[2020-11-05 18:26:55,414] {standard_task_runner.py:54} INFO - Started process 7835 to run task
[2020-11-05 18:26:55,497] {standard_task_runner.py:77} INFO - Running: ['airflow', 'run', 'S3_task', 'get_new_json', '2020-11-05T09:02:00+00:00', '--job_id', '348', '--pool', 'default_pool', '--raw', '-sd', '/home/akorede/Documents/airflow_sandbox/airflow/dags/s3_dag.py', '--cfg_path', '/tmp/tmp_jnb1byd']
[2020-11-05 18:26:55,500] {standard_task_runner.py:78} INFO - Job 348: Subtask get_new_json
[2020-11-05 18:26:55,572] {logging_mixin.py:112} INFO - Running %s on host %s <TaskInstance: S3_task.get_new_json 2020-11-05T09:02:00+00:00 [running]> akorede-VirtualBox
[2020-11-05 18:26:55,612] {s3_key_sensor.py:88} INFO - Poking for key : s3://ypsource-bucket/pinpoint-analytics/2020/11/05/ypsource.json
[2020-11-05 18:26:56,674] {S3_hook.py:209} INFO - Forbidden
[2020-11-05 18:28:56,782] {s3_key_sensor.py:88} INFO - Poking for key : s3://ypsource-bucket/pinpoint-analytics/2020/11/05/ypsource.json
[2020-11-05 18:28:58,285] {S3_hook.py:209} INFO - Forbidden
[2020-11-05 18:30:58,441] {s3_key_sensor.py:88} INFO - Poking for key : s3://ypsource-bucket/pinpoint-analytics/2020/11/05/ypsource.json
[2020-11-05 18:30:59,511] {S3_hook.py:209} INFO - Forbidden
[2020-11-05 18:32:59,607] {s3_key_sensor.py:88} INFO - Poking for key : s3://ypsource-bucket/pinpoint-analytics/2020/11/05/ypsource.json
[2020-11-05 18:33:01,338] {S3_hook.py:209} INFO - Forbidden
[2020-11-05 18:35:01,440] {s3_key_sensor.py:88} INFO - Poking for key : s3://ypsource-bucket/pinpoint-analytics/2020/11/05/ypsource.json
[2020-11-05 18:35:02,675] {S3_hook.py:209} INFO - Forbidden
[2020-11-05 18:37:02,777] {s3_key_sensor.py:88} INFO - Poking for key : s3://ypsource-bucket/pinpoint-analytics/2020/11/05/ypsource.json
[2020-11-05 18:37:35,730] {S3_hook.py:209} INFO - Forbidden
[2020-11-05 18:39:35,821] {s3_key_sensor.py:88} INFO - Poking for key : s3://ypsource-bucket/pinpoint-analytics/2020/11/05/ypsource.json
[2020-11-05 18:39:37,076] {S3_hook.py:209} INFO - Forbidden
[2020-11-05 18:41:37,178] {s3_key_sensor.py:88} INFO - Poking for key : s3://ypsource-bucket/pinpoint-analytics/2020/11/05/ypsource.json
[2020-11-05 18:41:38,388] {S3_hook.py:209} INFO - Forbidden
[2020-11-05 18:43:38,493] {s3_key_sensor.py:88} INFO - Poking for key : s3://ypsource-bucket/pinpoint-analytics/2020/11/05/ypsource.json
[2020-11-05 18:43:39,749] {S3_hook.py:209} INFO - Forbidden
[2020-11-05 18:45:39,851] {s3_key_sensor.py:88} INFO - Poking for key : s3://ypsource-bucket/pinpoint-analytics/2020/11/05/ypsource.json
[2020-11-05 18:46:12,588] {S3_hook.py:209} INFO - Forbidden
[2020-11-05 18:48:12,705] {s3_key_sensor.py:88} INFO - Poking for key : s3://ypsource-bucket/pinpoint-analytics/2020/11/05/ypsource.json
[2020-11-05 18:48:13,968] {S3_hook.py:209} INFO - Forbidden
[2020-11-05 18:50:14,069] {s3_key_sensor.py:88} INFO - Poking for key : s3://ypsource-bucket/pinpoint-analytics/2020/11/05/ypsource.json
[2020-11-05 18:50:15,168] {S3_hook.py:209} INFO - Forbidden
[2020-11-05 18:52:15,277] {s3_key_sensor.py:88} INFO - Poking for key : s3://ypsource-bucket/pinpoint-analytics/2020/11/05/ypsource.json
[2020-11-05 18:52:48,881] {S3_hook.py:209} INFO - Forbidden
