[2020-11-05 18:27:07,467] {taskinstance.py:670} INFO - Dependencies all met for <TaskInstance: S3_task.get_new_json 2020-11-05T10:02:00+00:00 [queued]>
[2020-11-05 18:27:07,546] {taskinstance.py:670} INFO - Dependencies all met for <TaskInstance: S3_task.get_new_json 2020-11-05T10:02:00+00:00 [queued]>
[2020-11-05 18:27:07,546] {taskinstance.py:880} INFO - 
--------------------------------------------------------------------------------
[2020-11-05 18:27:07,546] {taskinstance.py:881} INFO - Starting attempt 1 of 4
[2020-11-05 18:27:07,546] {taskinstance.py:882} INFO - 
--------------------------------------------------------------------------------
[2020-11-05 18:27:07,556] {taskinstance.py:901} INFO - Executing <Task(S3KeySensor): get_new_json> on 2020-11-05T10:02:00+00:00
[2020-11-05 18:27:07,560] {standard_task_runner.py:54} INFO - Started process 8080 to run task
[2020-11-05 18:27:07,618] {standard_task_runner.py:77} INFO - Running: ['airflow', 'run', 'S3_task', 'get_new_json', '2020-11-05T10:02:00+00:00', '--job_id', '349', '--pool', 'default_pool', '--raw', '-sd', '/home/akorede/Documents/airflow_sandbox/airflow/dags/s3_dag.py', '--cfg_path', '/tmp/tmpsn4hcjw0']
[2020-11-05 18:27:07,620] {standard_task_runner.py:78} INFO - Job 349: Subtask get_new_json
[2020-11-05 18:27:07,709] {logging_mixin.py:112} INFO - Running %s on host %s <TaskInstance: S3_task.get_new_json 2020-11-05T10:02:00+00:00 [running]> akorede-VirtualBox
[2020-11-05 18:27:07,749] {s3_key_sensor.py:88} INFO - Poking for key : s3://ypsource-bucket/pinpoint-analytics/2020/11/05/ypsource.json
[2020-11-05 18:27:09,077] {S3_hook.py:209} INFO - Forbidden
[2020-11-05 18:29:09,155] {s3_key_sensor.py:88} INFO - Poking for key : s3://ypsource-bucket/pinpoint-analytics/2020/11/05/ypsource.json
[2020-11-05 18:29:10,357] {S3_hook.py:209} INFO - Forbidden
[2020-11-05 18:31:10,458] {s3_key_sensor.py:88} INFO - Poking for key : s3://ypsource-bucket/pinpoint-analytics/2020/11/05/ypsource.json
[2020-11-05 18:31:11,646] {S3_hook.py:209} INFO - Forbidden
[2020-11-05 18:33:11,749] {s3_key_sensor.py:88} INFO - Poking for key : s3://ypsource-bucket/pinpoint-analytics/2020/11/05/ypsource.json
[2020-11-05 18:33:12,860] {S3_hook.py:209} INFO - Forbidden
[2020-11-05 18:35:12,976] {s3_key_sensor.py:88} INFO - Poking for key : s3://ypsource-bucket/pinpoint-analytics/2020/11/05/ypsource.json
[2020-11-05 18:35:14,302] {S3_hook.py:209} INFO - Forbidden
[2020-11-05 18:37:14,405] {s3_key_sensor.py:88} INFO - Poking for key : s3://ypsource-bucket/pinpoint-analytics/2020/11/05/ypsource.json
[2020-11-05 18:37:15,955] {S3_hook.py:209} INFO - Forbidden
[2020-11-05 18:39:16,057] {s3_key_sensor.py:88} INFO - Poking for key : s3://ypsource-bucket/pinpoint-analytics/2020/11/05/ypsource.json
[2020-11-05 18:39:17,882] {S3_hook.py:209} INFO - Forbidden
[2020-11-05 18:41:17,971] {s3_key_sensor.py:88} INFO - Poking for key : s3://ypsource-bucket/pinpoint-analytics/2020/11/05/ypsource.json
[2020-11-05 18:41:19,158] {S3_hook.py:209} INFO - Forbidden
[2020-11-05 18:43:19,257] {s3_key_sensor.py:88} INFO - Poking for key : s3://ypsource-bucket/pinpoint-analytics/2020/11/05/ypsource.json
[2020-11-05 18:43:52,006] {S3_hook.py:209} INFO - Forbidden
[2020-11-05 18:45:52,115] {s3_key_sensor.py:88} INFO - Poking for key : s3://ypsource-bucket/pinpoint-analytics/2020/11/05/ypsource.json
[2020-11-05 18:45:53,212] {S3_hook.py:209} INFO - Forbidden
