[2020-11-05 18:27:25,443] {taskinstance.py:670} INFO - Dependencies all met for <TaskInstance: S3_task.get_new_json 2020-11-05T11:02:00+00:00 [queued]>
[2020-11-05 18:27:25,548] {taskinstance.py:670} INFO - Dependencies all met for <TaskInstance: S3_task.get_new_json 2020-11-05T11:02:00+00:00 [queued]>
[2020-11-05 18:27:25,548] {taskinstance.py:880} INFO - 
--------------------------------------------------------------------------------
[2020-11-05 18:27:25,548] {taskinstance.py:881} INFO - Starting attempt 1 of 4
[2020-11-05 18:27:25,549] {taskinstance.py:882} INFO - 
--------------------------------------------------------------------------------
[2020-11-05 18:27:25,560] {taskinstance.py:901} INFO - Executing <Task(S3KeySensor): get_new_json> on 2020-11-05T11:02:00+00:00
[2020-11-05 18:27:25,564] {standard_task_runner.py:54} INFO - Started process 8456 to run task
[2020-11-05 18:27:25,614] {standard_task_runner.py:77} INFO - Running: ['airflow', 'run', 'S3_task', 'get_new_json', '2020-11-05T11:02:00+00:00', '--job_id', '350', '--pool', 'default_pool', '--raw', '-sd', '/home/akorede/Documents/airflow_sandbox/airflow/dags/s3_dag.py', '--cfg_path', '/tmp/tmptennmitg']
[2020-11-05 18:27:25,619] {standard_task_runner.py:78} INFO - Job 350: Subtask get_new_json
[2020-11-05 18:27:25,680] {logging_mixin.py:112} INFO - Running %s on host %s <TaskInstance: S3_task.get_new_json 2020-11-05T11:02:00+00:00 [running]> akorede-VirtualBox
[2020-11-05 18:27:25,715] {s3_key_sensor.py:88} INFO - Poking for key : s3://ypsource-bucket/pinpoint-analytics/2020/11/05/ypsource.json
[2020-11-05 18:27:26,959] {S3_hook.py:209} INFO - Forbidden
[2020-11-05 18:29:27,065] {s3_key_sensor.py:88} INFO - Poking for key : s3://ypsource-bucket/pinpoint-analytics/2020/11/05/ypsource.json
[2020-11-05 18:29:28,135] {S3_hook.py:209} INFO - Forbidden
[2020-11-05 18:31:28,225] {s3_key_sensor.py:88} INFO - Poking for key : s3://ypsource-bucket/pinpoint-analytics/2020/11/05/ypsource.json
[2020-11-05 18:31:29,552] {S3_hook.py:209} INFO - Forbidden
[2020-11-05 18:33:29,657] {s3_key_sensor.py:88} INFO - Poking for key : s3://ypsource-bucket/pinpoint-analytics/2020/11/05/ypsource.json
[2020-11-05 18:33:30,772] {S3_hook.py:209} INFO - Forbidden
[2020-11-05 18:35:30,873] {s3_key_sensor.py:88} INFO - Poking for key : s3://ypsource-bucket/pinpoint-analytics/2020/11/05/ypsource.json
[2020-11-05 18:35:32,048] {S3_hook.py:209} INFO - Forbidden
[2020-11-05 18:37:32,149] {s3_key_sensor.py:88} INFO - Poking for key : s3://ypsource-bucket/pinpoint-analytics/2020/11/05/ypsource.json
[2020-11-05 18:38:05,858] {S3_hook.py:209} INFO - Forbidden
[2020-11-05 18:40:05,939] {s3_key_sensor.py:88} INFO - Poking for key : s3://ypsource-bucket/pinpoint-analytics/2020/11/05/ypsource.json
[2020-11-05 18:40:06,946] {S3_hook.py:209} INFO - Forbidden
[2020-11-05 18:42:07,050] {s3_key_sensor.py:88} INFO - Poking for key : s3://ypsource-bucket/pinpoint-analytics/2020/11/05/ypsource.json
[2020-11-05 18:42:39,600] {S3_hook.py:209} INFO - Forbidden
[2020-11-05 18:44:39,629] {s3_key_sensor.py:88} INFO - Poking for key : s3://ypsource-bucket/pinpoint-analytics/2020/11/05/ypsource.json
[2020-11-05 18:44:40,739] {S3_hook.py:209} INFO - Forbidden
[2020-11-05 18:46:40,841] {s3_key_sensor.py:88} INFO - Poking for key : s3://ypsource-bucket/pinpoint-analytics/2020/11/05/ypsource.json
[2020-11-05 18:46:42,014] {S3_hook.py:209} INFO - Forbidden
[2020-11-05 18:48:42,107] {s3_key_sensor.py:88} INFO - Poking for key : s3://ypsource-bucket/pinpoint-analytics/2020/11/05/ypsource.json
[2020-11-05 18:48:43,541] {S3_hook.py:209} INFO - Forbidden
[2020-11-05 18:50:43,641] {s3_key_sensor.py:88} INFO - Poking for key : s3://ypsource-bucket/pinpoint-analytics/2020/11/05/ypsource.json
[2020-11-05 18:50:44,874] {S3_hook.py:209} INFO - Forbidden
[2020-11-05 18:52:44,961] {s3_key_sensor.py:88} INFO - Poking for key : s3://ypsource-bucket/pinpoint-analytics/2020/11/05/ypsource.json
[2020-11-05 18:52:46,187] {S3_hook.py:209} INFO - Forbidden
