[2020-11-05 18:25:21,561] {taskinstance.py:670} INFO - Dependencies all met for <TaskInstance: S3_task.get_new_json 2020-11-05T02:02:00+00:00 [queued]>
[2020-11-05 18:25:21,602] {taskinstance.py:670} INFO - Dependencies all met for <TaskInstance: S3_task.get_new_json 2020-11-05T02:02:00+00:00 [queued]>
[2020-11-05 18:25:21,603] {taskinstance.py:880} INFO - 
--------------------------------------------------------------------------------
[2020-11-05 18:25:21,603] {taskinstance.py:881} INFO - Starting attempt 1 of 4
[2020-11-05 18:25:21,603] {taskinstance.py:882} INFO - 
--------------------------------------------------------------------------------
[2020-11-05 18:25:21,619] {taskinstance.py:901} INFO - Executing <Task(S3KeySensor): get_new_json> on 2020-11-05T02:02:00+00:00
[2020-11-05 18:25:21,624] {standard_task_runner.py:54} INFO - Started process 6190 to run task
[2020-11-05 18:25:21,681] {standard_task_runner.py:77} INFO - Running: ['airflow', 'run', 'S3_task', 'get_new_json', '2020-11-05T02:02:00+00:00', '--job_id', '341', '--pool', 'default_pool', '--raw', '-sd', '/home/akorede/Documents/airflow_sandbox/airflow/dags/s3_dag.py', '--cfg_path', '/tmp/tmpluspv_x7']
[2020-11-05 18:25:21,683] {standard_task_runner.py:78} INFO - Job 341: Subtask get_new_json
[2020-11-05 18:25:21,753] {logging_mixin.py:112} INFO - Running %s on host %s <TaskInstance: S3_task.get_new_json 2020-11-05T02:02:00+00:00 [running]> akorede-VirtualBox
[2020-11-05 18:25:21,809] {s3_key_sensor.py:88} INFO - Poking for key : s3://ypsource-bucket/pinpoint-analytics/2020/11/05/ypsource.json
[2020-11-05 18:25:22,937] {S3_hook.py:209} INFO - Forbidden
[2020-11-05 18:27:23,037] {s3_key_sensor.py:88} INFO - Poking for key : s3://ypsource-bucket/pinpoint-analytics/2020/11/05/ypsource.json
[2020-11-05 18:27:24,405] {S3_hook.py:209} INFO - Forbidden
[2020-11-05 18:29:24,493] {s3_key_sensor.py:88} INFO - Poking for key : s3://ypsource-bucket/pinpoint-analytics/2020/11/05/ypsource.json
[2020-11-05 18:29:57,207] {S3_hook.py:209} INFO - Forbidden
[2020-11-05 18:31:57,298] {s3_key_sensor.py:88} INFO - Poking for key : s3://ypsource-bucket/pinpoint-analytics/2020/11/05/ypsource.json
[2020-11-05 18:31:58,450] {S3_hook.py:209} INFO - Forbidden
[2020-11-05 18:33:58,516] {s3_key_sensor.py:88} INFO - Poking for key : s3://ypsource-bucket/pinpoint-analytics/2020/11/05/ypsource.json
[2020-11-05 18:33:59,537] {S3_hook.py:209} INFO - Forbidden
[2020-11-05 18:35:59,637] {s3_key_sensor.py:88} INFO - Poking for key : s3://ypsource-bucket/pinpoint-analytics/2020/11/05/ypsource.json
[2020-11-05 18:36:00,870] {S3_hook.py:209} INFO - Forbidden
[2020-11-05 18:38:00,973] {s3_key_sensor.py:88} INFO - Poking for key : s3://ypsource-bucket/pinpoint-analytics/2020/11/05/ypsource.json
[2020-11-05 18:38:02,087] {S3_hook.py:209} INFO - Forbidden
[2020-11-05 18:40:02,189] {s3_key_sensor.py:88} INFO - Poking for key : s3://ypsource-bucket/pinpoint-analytics/2020/11/05/ypsource.json
[2020-11-05 18:40:03,286] {S3_hook.py:209} INFO - Forbidden
[2020-11-05 18:42:03,389] {s3_key_sensor.py:88} INFO - Poking for key : s3://ypsource-bucket/pinpoint-analytics/2020/11/05/ypsource.json
[2020-11-05 18:42:04,825] {S3_hook.py:209} INFO - Forbidden
[2020-11-05 18:44:04,925] {s3_key_sensor.py:88} INFO - Poking for key : s3://ypsource-bucket/pinpoint-analytics/2020/11/05/ypsource.json
[2020-11-05 18:44:06,498] {S3_hook.py:209} INFO - Forbidden
[2020-11-05 18:46:06,595] {s3_key_sensor.py:88} INFO - Poking for key : s3://ypsource-bucket/pinpoint-analytics/2020/11/05/ypsource.json
[2020-11-05 18:46:07,736] {S3_hook.py:209} INFO - Forbidden
[2020-11-05 18:48:07,837] {s3_key_sensor.py:88} INFO - Poking for key : s3://ypsource-bucket/pinpoint-analytics/2020/11/05/ypsource.json
[2020-11-05 18:48:09,024] {S3_hook.py:209} INFO - Forbidden
[2020-11-05 18:50:09,125] {s3_key_sensor.py:88} INFO - Poking for key : s3://ypsource-bucket/pinpoint-analytics/2020/11/05/ypsource.json
[2020-11-05 18:50:42,106] {S3_hook.py:209} INFO - Forbidden
[2020-11-05 18:52:42,224] {s3_key_sensor.py:88} INFO - Poking for key : s3://ypsource-bucket/pinpoint-analytics/2020/11/05/ypsource.json
[2020-11-05 18:52:43,513] {S3_hook.py:209} INFO - Forbidden
