[2020-11-05 18:26:42,363] {taskinstance.py:670} INFO - Dependencies all met for <TaskInstance: S3_task.get_new_json 2020-11-05T08:02:00+00:00 [queued]>
[2020-11-05 18:26:42,419] {taskinstance.py:670} INFO - Dependencies all met for <TaskInstance: S3_task.get_new_json 2020-11-05T08:02:00+00:00 [queued]>
[2020-11-05 18:26:42,419] {taskinstance.py:880} INFO - 
--------------------------------------------------------------------------------
[2020-11-05 18:26:42,419] {taskinstance.py:881} INFO - Starting attempt 1 of 4
[2020-11-05 18:26:42,419] {taskinstance.py:882} INFO - 
--------------------------------------------------------------------------------
[2020-11-05 18:26:42,449] {taskinstance.py:901} INFO - Executing <Task(S3KeySensor): get_new_json> on 2020-11-05T08:02:00+00:00
[2020-11-05 18:26:42,456] {standard_task_runner.py:54} INFO - Started process 7579 to run task
[2020-11-05 18:26:42,766] {standard_task_runner.py:77} INFO - Running: ['airflow', 'run', 'S3_task', 'get_new_json', '2020-11-05T08:02:00+00:00', '--job_id', '347', '--pool', 'default_pool', '--raw', '-sd', '/home/akorede/Documents/airflow_sandbox/airflow/dags/s3_dag.py', '--cfg_path', '/tmp/tmp8jh9_mle']
[2020-11-05 18:26:42,782] {standard_task_runner.py:78} INFO - Job 347: Subtask get_new_json
[2020-11-05 18:26:43,051] {logging_mixin.py:112} INFO - Running %s on host %s <TaskInstance: S3_task.get_new_json 2020-11-05T08:02:00+00:00 [running]> akorede-VirtualBox
[2020-11-05 18:26:43,182] {s3_key_sensor.py:88} INFO - Poking for key : s3://ypsource-bucket/pinpoint-analytics/2020/11/05/ypsource.json
[2020-11-05 18:26:44,470] {S3_hook.py:209} INFO - Forbidden
[2020-11-05 18:28:44,551] {s3_key_sensor.py:88} INFO - Poking for key : s3://ypsource-bucket/pinpoint-analytics/2020/11/05/ypsource.json
[2020-11-05 18:28:45,843] {S3_hook.py:209} INFO - Forbidden
[2020-11-05 18:30:45,957] {s3_key_sensor.py:88} INFO - Poking for key : s3://ypsource-bucket/pinpoint-analytics/2020/11/05/ypsource.json
[2020-11-05 18:30:47,349] {S3_hook.py:209} INFO - Forbidden
[2020-11-05 18:32:47,472] {s3_key_sensor.py:88} INFO - Poking for key : s3://ypsource-bucket/pinpoint-analytics/2020/11/05/ypsource.json
[2020-11-05 18:33:20,384] {S3_hook.py:209} INFO - Forbidden
[2020-11-05 18:35:20,487] {s3_key_sensor.py:88} INFO - Poking for key : s3://ypsource-bucket/pinpoint-analytics/2020/11/05/ypsource.json
[2020-11-05 18:35:21,773] {S3_hook.py:209} INFO - Forbidden
[2020-11-05 18:37:21,876] {s3_key_sensor.py:88} INFO - Poking for key : s3://ypsource-bucket/pinpoint-analytics/2020/11/05/ypsource.json
[2020-11-05 18:37:54,623] {S3_hook.py:209} INFO - Forbidden
[2020-11-05 18:39:54,699] {s3_key_sensor.py:88} INFO - Poking for key : s3://ypsource-bucket/pinpoint-analytics/2020/11/05/ypsource.json
[2020-11-05 18:40:27,259] {S3_hook.py:209} INFO - Forbidden
[2020-11-05 18:42:27,329] {s3_key_sensor.py:88} INFO - Poking for key : s3://ypsource-bucket/pinpoint-analytics/2020/11/05/ypsource.json
[2020-11-05 18:42:28,567] {S3_hook.py:209} INFO - Forbidden
[2020-11-05 18:44:28,595] {s3_key_sensor.py:88} INFO - Poking for key : s3://ypsource-bucket/pinpoint-analytics/2020/11/05/ypsource.json
[2020-11-05 18:44:29,968] {S3_hook.py:209} INFO - Forbidden
[2020-11-05 18:46:30,071] {s3_key_sensor.py:88} INFO - Poking for key : s3://ypsource-bucket/pinpoint-analytics/2020/11/05/ypsource.json
[2020-11-05 18:46:31,344] {S3_hook.py:209} INFO - Forbidden
[2020-11-05 18:48:31,419] {s3_key_sensor.py:88} INFO - Poking for key : s3://ypsource-bucket/pinpoint-analytics/2020/11/05/ypsource.json
[2020-11-05 18:48:32,646] {S3_hook.py:209} INFO - Forbidden
[2020-11-05 18:50:32,724] {s3_key_sensor.py:88} INFO - Poking for key : s3://ypsource-bucket/pinpoint-analytics/2020/11/05/ypsource.json
[2020-11-05 18:51:34,480] {S3_hook.py:209} INFO - Forbidden
