[2020-11-05 18:28:37,713] {taskinstance.py:670} INFO - Dependencies all met for <TaskInstance: S3_task.get_new_json 2020-11-05T15:02:00+00:00 [queued]>
[2020-11-05 18:28:37,784] {taskinstance.py:670} INFO - Dependencies all met for <TaskInstance: S3_task.get_new_json 2020-11-05T15:02:00+00:00 [queued]>
[2020-11-05 18:28:37,784] {taskinstance.py:880} INFO - 
--------------------------------------------------------------------------------
[2020-11-05 18:28:37,784] {taskinstance.py:881} INFO - Starting attempt 1 of 4
[2020-11-05 18:28:37,784] {taskinstance.py:882} INFO - 
--------------------------------------------------------------------------------
[2020-11-05 18:28:37,808] {taskinstance.py:901} INFO - Executing <Task(S3KeySensor): get_new_json> on 2020-11-05T15:02:00+00:00
[2020-11-05 18:28:37,821] {standard_task_runner.py:54} INFO - Started process 9895 to run task
[2020-11-05 18:28:37,894] {standard_task_runner.py:77} INFO - Running: ['airflow', 'run', 'S3_task', 'get_new_json', '2020-11-05T15:02:00+00:00', '--job_id', '354', '--pool', 'default_pool', '--raw', '-sd', '/home/akorede/Documents/airflow_sandbox/airflow/dags/s3_dag.py', '--cfg_path', '/tmp/tmppkz3qvic']
[2020-11-05 18:28:37,899] {standard_task_runner.py:78} INFO - Job 354: Subtask get_new_json
[2020-11-05 18:28:37,962] {logging_mixin.py:112} INFO - Running %s on host %s <TaskInstance: S3_task.get_new_json 2020-11-05T15:02:00+00:00 [running]> akorede-VirtualBox
[2020-11-05 18:28:37,998] {s3_key_sensor.py:88} INFO - Poking for key : s3://ypsource-bucket/pinpoint-analytics/2020/11/05/ypsource.json
[2020-11-05 18:28:39,579] {S3_hook.py:209} INFO - Forbidden
[2020-11-05 18:30:39,681] {s3_key_sensor.py:88} INFO - Poking for key : s3://ypsource-bucket/pinpoint-analytics/2020/11/05/ypsource.json
[2020-11-05 18:30:40,856] {S3_hook.py:209} INFO - Forbidden
[2020-11-05 18:32:40,935] {s3_key_sensor.py:88} INFO - Poking for key : s3://ypsource-bucket/pinpoint-analytics/2020/11/05/ypsource.json
[2020-11-05 18:32:42,218] {S3_hook.py:209} INFO - Forbidden
[2020-11-05 18:34:42,317] {s3_key_sensor.py:88} INFO - Poking for key : s3://ypsource-bucket/pinpoint-analytics/2020/11/05/ypsource.json
[2020-11-05 18:34:43,435] {S3_hook.py:209} INFO - Forbidden
[2020-11-05 18:36:43,538] {s3_key_sensor.py:88} INFO - Poking for key : s3://ypsource-bucket/pinpoint-analytics/2020/11/05/ypsource.json
[2020-11-05 18:36:44,735] {S3_hook.py:209} INFO - Forbidden
[2020-11-05 18:38:44,827] {s3_key_sensor.py:88} INFO - Poking for key : s3://ypsource-bucket/pinpoint-analytics/2020/11/05/ypsource.json
[2020-11-05 18:38:46,021] {S3_hook.py:209} INFO - Forbidden
[2020-11-05 18:40:46,121] {s3_key_sensor.py:88} INFO - Poking for key : s3://ypsource-bucket/pinpoint-analytics/2020/11/05/ypsource.json
[2020-11-05 18:40:47,179] {S3_hook.py:209} INFO - Forbidden
[2020-11-05 18:42:47,281] {s3_key_sensor.py:88} INFO - Poking for key : s3://ypsource-bucket/pinpoint-analytics/2020/11/05/ypsource.json
[2020-11-05 18:42:48,479] {S3_hook.py:209} INFO - Forbidden
[2020-11-05 18:44:48,582] {s3_key_sensor.py:88} INFO - Poking for key : s3://ypsource-bucket/pinpoint-analytics/2020/11/05/ypsource.json
[2020-11-05 18:44:49,651] {S3_hook.py:209} INFO - Forbidden
